<?xml version="1.0" encoding="UTF-8"?>
<!-- Generated by org.testng.reporters.JUnitReportReporter -->
<testsuite hostname="Manisha" failures="0" tests="1" name="sample.Demo" time="0.020" errors="0" timestamp="2023-09-07T15:15:29 IST" skipped="0">
  <testcase classname="sample.Demo" name="m1" time="0.020">
    <system-out>
      <![CDATA[hello]]>
    </system-out>
  </testcase> <!-- m1 -->
  <system-out>
    <![CDATA[hello]]>
  </system-out>
</testsuite> <!-- sample.Demo -->
